<?xml version="1.0" encoding="UTF-8" standalone="yes"?><!DOCTYPE report PUBLIC "-//JACOCO//DTD Report 1.1//EN" "report.dtd"><report name="Bankprojekt"><sessioninfo id="Elosch-60b54656" start="1752752500244" dump="1752752501398"/><sessioninfo id="Elosch-42ae1d5c" start="1752752517893" dump="1752752519011"/><sessioninfo id="Elosch-ab1da35e" start="1752752798038" dump="1752752799229"/><sessioninfo id="Elosch-753ad5bc" start="1752752947623" dump="1752752948793"/><sessioninfo id="Elosch-7cd3b4ad" start="1752752995770" dump="1752752996944"/><sessioninfo id="Elosch-5285760c" start="1752753065152" dump="1752753066379"/><sessioninfo id="Elosch-7a280464" start="1752753173882" dump="1752753175060"/><sessioninfo id="Elosch-20cd3925" start="1752753193943" dump="1752753195113"/><package name="bankprojekt/verarbeitung"><class name="bankprojekt/verarbeitung/Girokonto" sourcefilename="Girokonto.java"><method name="&lt;init&gt;" desc="()V" line="25"><counter type="INSTRUCTION" missed="0" covered="11"/><counter type="LINE" missed="0" covered="3"/><counter type="COMPLEXITY" missed="0" covered="1"/><counter type="METHOD" missed="0" covered="1"/></method><method name="&lt;init&gt;" desc="(Lbankprojekt/verarbeitung/Kunde;JLbankprojekt/verarbeitung/Geldbetrag;)V" line="38"><counter type="INSTRUCTION" missed="18" covered="0"/><counter type="BRANCH" missed="4" covered="0"/><counter type="LINE" missed="5" covered="0"/><counter type="COMPLEXITY" missed="3" covered="0"/><counter type="METHOD" missed="1" covered="0"/></method><method name="waehrungswechsel" desc="(Lbankprojekt/geld/Waehrung;)V" line="46"><counter type="INSTRUCTION" missed="0" covered="10"/><counter type="LINE" missed="0" covered="3"/><counter type="COMPLEXITY" missed="0" covered="1"/><counter type="METHOD" missed="0" covered="1"/></method><method name="getDispo" desc="()Lbankprojekt/verarbeitung/Geldbetrag;" line="55"><counter type="INSTRUCTION" missed="0" covered="3"/><counter type="LINE" missed="0" covered="1"/><counter type="COMPLEXITY" missed="0" covered="1"/><counter type="METHOD" missed="0" covered="1"/></method><method name="setDispo" desc="(Lbankprojekt/verarbeitung/Geldbetrag;)V" line="64"><counter type="INSTRUCTION" missed="14" covered="0"/><counter type="BRANCH" missed="4" covered="0"/><counter type="LINE" missed="4" covered="0"/><counter type="COMPLEXITY" missed="3" covered="0"/><counter type="METHOD" missed="1" covered="0"/></method><method name="ueberweisungAbsenden" desc="(Lbankprojekt/verarbeitung/Geldbetrag;Ljava/lang/String;JJLjava/lang/String;)Z" line="75"><counter type="INSTRUCTION" missed="42" covered="0"/><counter type="BRANCH" missed="12" covered="0"/><counter type="LINE" missed="8" covered="0"/><counter type="COMPLEXITY" missed="7" covered="0"/><counter type="METHOD" missed="1" covered="0"/></method><method name="ueberweisungEmpfangen" desc="(Lbankprojekt/verarbeitung/Geldbetrag;Ljava/lang/String;JJLjava/lang/String;)V" line="91"><counter type="INSTRUCTION" missed="21" covered="0"/><counter type="BRANCH" missed="8" covered="0"/><counter type="LINE" missed="4" covered="0"/><counter type="COMPLEXITY" missed="5" covered="0"/><counter type="METHOD" missed="1" covered="0"/></method><method name="toString" desc="()Ljava/lang/String;" line="99"><counter type="INSTRUCTION" missed="11" covered="0"/><counter type="LINE" missed="4" covered="0"/><counter type="COMPLEXITY" missed="1" covered="0"/><counter type="METHOD" missed="1" covered="0"/></method><method name="abheben" desc="(Lbankprojekt/verarbeitung/Geldbetrag;)Z" line="107"><counter type="INSTRUCTION" missed="38" covered="0"/><counter type="BRANCH" missed="8" covered="0"/><counter type="LINE" missed="8" covered="0"/><counter type="COMPLEXITY" missed="5" covered="0"/><counter type="METHOD" missed="1" covered="0"/></method><counter type="INSTRUCTION" missed="144" covered="24"/><counter type="BRANCH" missed="36" covered="0"/><counter type="LINE" missed="33" covered="7"/><counter type="COMPLEXITY" missed="24" covered="3"/><counter type="METHOD" missed="6" covered="3"/><counter type="CLASS" missed="0" covered="1"/></class><sourcefile name="Girokonto.java"><line nr="25" mi="0" ci="4" mb="0" cb="0"/><line nr="26" mi="0" ci="6" mb="0" cb="0"/><line nr="27" mi="0" ci="1" mb="0" cb="0"/><line nr="38" mi="4" ci="0" mb="0" cb="0"/><line nr="39" mi="5" ci="0" mb="4" cb="0"/><line nr="40" mi="5" ci="0" mb="0" cb="0"/><line nr="41" mi="3" ci="0" mb="0" cb="0"/><line nr="42" mi="1" ci="0" mb="0" cb="0"/><line nr="46" mi="0" ci="3" mb="0" cb="0"/><line nr="47" mi="0" ci="6" mb="0" cb="0"/><line nr="48" mi="0" ci="1" mb="0" cb="0"/><line nr="55" mi="0" ci="3" mb="0" cb="0"/><line nr="64" mi="5" ci="0" mb="4" cb="0"/><line nr="65" mi="5" ci="0" mb="0" cb="0"/><line nr="66" mi="3" ci="0" mb="0" cb="0"/><line nr="67" mi="1" ci="0" mb="0" cb="0"/><line nr="75" mi="3" ci="0" mb="2" cb="0"/><line nr="76" mi="6" ci="0" mb="0" cb="0"/><line nr="77" mi="9" ci="0" mb="8" cb="0"/><line nr="78" mi="5" ci="0" mb="0" cb="0"/><line nr="79" mi="9" ci="0" mb="2" cb="0"/><line nr="81" mi="6" ci="0" mb="0" cb="0"/><line nr="82" mi="2" ci="0" mb="0" cb="0"/><line nr="85" mi="2" ci="0" mb="0" cb="0"/><line nr="91" mi="9" ci="0" mb="8" cb="0"/><line nr="92" mi="5" ci="0" mb="0" cb="0"/><line nr="93" mi="6" ci="0" mb="0" cb="0"/><line nr="94" mi="1" ci="0" mb="0" cb="0"/><line nr="99" mi="2" ci="0" mb="0" cb="0"/><line nr="100" mi="4" ci="0" mb="0" cb="0"/><line nr="101" mi="3" ci="0" mb="0" cb="0"/><line nr="102" mi="2" ci="0" mb="0" cb="0"/><line nr="107" mi="5" ci="0" mb="4" cb="0"/><line nr="108" mi="5" ci="0" mb="0" cb="0"/><line nr="110" mi="3" ci="0" mb="2" cb="0"/><line nr="111" mi="6" ci="0" mb="0" cb="0"/><line nr="112" mi="9" ci="0" mb="2" cb="0"/><line nr="114" mi="6" ci="0" mb="0" cb="0"/><line nr="115" mi="2" ci="0" mb="0" cb="0"/><line nr="118" mi="2" ci="0" mb="0" cb="0"/><counter type="INSTRUCTION" missed="144" covered="24"/><counter type="BRANCH" missed="36" covered="0"/><counter type="LINE" missed="33" covered="7"/><counter type="COMPLEXITY" missed="24" covered="3"/><counter type="METHOD" missed="6" covered="3"/><counter type="CLASS" missed="0" covered="1"/></sourcefile><counter type="INSTRUCTION" missed="144" covered="24"/><counter type="BRANCH" missed="36" covered="0"/><counter type="LINE" missed="33" covered="7"/><counter type="COMPLEXITY" missed="24" covered="3"/><counter type="METHOD" missed="6" covered="3"/><counter type="CLASS" missed="0" covered="1"/></package><counter type="INSTRUCTION" missed="144" covered="24"/><counter type="BRANCH" missed="36" covered="0"/><counter type="LINE" missed="33" covered="7"/><counter type="COMPLEXITY" missed="24" covered="3"/><counter type="METHOD" missed="6" covered="3"/><counter type="CLASS" missed="0" covered="1"/></report>