<?xml version="1.0" encoding="UTF-8"?>
<testsuite xmlns:xsi="http://www.w3.org/2001/XMLSchema-instance" xsi:noNamespaceSchemaLocation="https://maven.apache.org/surefire/maven-surefire-plugin/xsd/surefire-test-report-3.0.xsd" version="3.0" name="tests.WaehrungTest" time="0.189" tests="20" errors="0" skipped="0" failures="0">
  <properties>
[...]
</properties>
  <testcase name="testMinusGeldbetragWaehrungDobraInEuro" classname="tests.WaehrungTest" time="0.087"/>
  <testcase name="testWaehrungWechsel" classname="tests.WaehrungTest" time="0.02"/>
  <testcase name="testWaehrungGet" classname="tests.WaehrungTest" time="0.001"/>
  <testcase name="testDispo" classname="tests.WaehrungTest" time="0.002"/>
  <testcase name="testWaehrungEuroKontostand" classname="tests.WaehrungTest" time="0.002"/>
  <testcase name="testgetMessage" classname="tests.WaehrungTest" time="0.001"/>
  <testcase name="testWaehrungKursDOBRA" classname="tests.WaehrungTest" time="0.002"/>
  <testcase name="testWaehrungGewechseltToFrancKontostand" classname="tests.WaehrungTest" time="0.001"/>
  <testcase name="testWaehrungKurs" classname="tests.WaehrungTest" time="0.002"/>
  <testcase name="testWaehrungWerte" classname="tests.WaehrungTest" time="0.001"/>
  <testcase name="testUmrechnenGeldbetragDOBRA" classname="tests.WaehrungTest" time="0.001"/>
  <testcase name="testUmrechnenGeldbetragFRANC" classname="tests.WaehrungTest" time="0.002"/>
  <testcase name="testUmrechnenGeldbetragESCUDO" classname="tests.WaehrungTest" time="0.001"/>
  <testcase name="testMinusGeldbetragWaehrungEuroInFranc" classname="tests.WaehrungTest" time="0.001"/>
  <testcase name="testUmrechnenGeldbetragEURO" classname="tests.WaehrungTest" time="0.0"/>
  <testcase name="testgetAllCurrencies" classname="tests.WaehrungTest" time="0.001"/>
  <testcase name="testMinusGeldbetragWaehrungGLEICH" classname="tests.WaehrungTest" time="0.0"/>
  <testcase name="testMinusGeldbetragWaehrungEscudoInFranc" classname="tests.WaehrungTest" time="0.001"/>
  <testcase name="testWaehrungGewechseltFromEscudoToFrancKontostand" classname="tests.WaehrungTest" time="0.001"/>
  <testcase name="testDispoWaehrungsWechsel" classname="tests.WaehrungTest" time="0.002"/>
</testsuite>